#TYPE System.IO.FileInfo
"PSPath","PSParentPath","PSChildName","PSDrive","PSProvider","PSIsContainer","Mode","VersionInfo","BaseName","Target","LinkType","Name","Length","DirectoryName","Directory","IsReadOnly","Exists","FullName","Extension","CreationTime","CreationTimeUtc","LastAccessTime","LastAccessTimeUtc","LastWriteTime","LastWriteTimeUtc","Attributes"
"Microsoft.PowerShell.Core\FileSystem::C:\Users\champuser\SYS320-01\week1\firstfile.ps1","Microsoft.PowerShell.Core\FileSystem::C:\Users\champuser\SYS320-01\week1","firstfile.ps1","C","Microsoft.PowerShell.Core\FileSystem","False","-a----","File:             C:\Users\champuser\SYS320-01\week1\firstfile.ps1
InternalName:     
OriginalFilename: 
FileVersion:      
FileDescription:  
Product:          
ProductVersion:   
Debug:            False
Patched:          False
PreRelease:       False
PrivateBuild:     False
SpecialBuild:     False
Language:         
","firstfile","System.Collections.Generic.List`1[System.String]",,"firstfile.ps1","22","C:\Users\champuser\SYS320-01\week1","C:\Users\champuser\SYS320-01\week1","False","True","C:\Users\champuser\SYS320-01\week1\firstfile.ps1",".ps1","29/08/2024 15:47:50","29/08/2024 19:47:50","29/08/2024 15:48:26","29/08/2024 19:48:26","29/08/2024 15:48:26","29/08/2024 19:48:26","Archive"
"Microsoft.PowerShell.Core\FileSystem::C:\Users\champuser\SYS320-01\week1\StompBomp.ps1","Microsoft.PowerShell.Core\FileSystem::C:\Users\champuser\SYS320-01\week1","StompBomp.ps1","C","Microsoft.PowerShell.Core\FileSystem","False","-a----","File:             C:\Users\champuser\SYS320-01\week1\StompBomp.ps1
InternalName:     
OriginalFilename: 
FileVersion:      
FileDescription:  
Product:          
ProductVersion:   
Debug:            False
Patched:          False
PreRelease:       False
PrivateBuild:     False
SpecialBuild:     False
Language:         
","StompBomp","System.Collections.Generic.List`1[System.String]",,"StompBomp.ps1","221","C:\Users\champuser\SYS320-01\week1","C:\Users\champuser\SYS320-01\week1","False","True","C:\Users\champuser\SYS320-01\week1\StompBomp.ps1",".ps1","05/09/2024 15:36:36","05/09/2024 19:36:36","05/09/2024 15:39:32","05/09/2024 19:39:32","05/09/2024 15:39:32","05/09/2024 19:39:32","Archive"
"Microsoft.PowerShell.Core\FileSystem::C:\Users\champuser\SYS320-01\week1\WhateverYouWant.ps1","Microsoft.PowerShell.Core\FileSystem::C:\Users\champuser\SYS320-01\week1","WhateverYouWant.ps1","C","Microsoft.PowerShell.Core\FileSystem","False","-a----","File:             C:\Users\champuser\SYS320-01\week1\WhateverYouWant.ps1
InternalName:     
OriginalFilename: 
FileVersion:      
FileDescription:  
Product:          
ProductVersion:   
Debug:            False
Patched:          False
PreRelease:       False
PrivateBuild:     False
SpecialBuild:     False
Language:         
","WhateverYouWant","System.Collections.Generic.List`1[System.String]",,"WhateverYouWant.ps1","177","C:\Users\champuser\SYS320-01\week1","C:\Users\champuser\SYS320-01\week1","False","True","C:\Users\champuser\SYS320-01\week1\WhateverYouWant.ps1",".ps1","05/09/2024 15:12:10","05/09/2024 19:12:10","05/09/2024 15:12:10","05/09/2024 19:12:10","05/09/2024 15:12:10","05/09/2024 19:12:10","Archive"
"Microsoft.PowerShell.Core\FileSystem::C:\Users\champuser\SYS320-01\week1\WompWomp.ps1","Microsoft.PowerShell.Core\FileSystem::C:\Users\champuser\SYS320-01\week1","WompWomp.ps1","C","Microsoft.PowerShell.Core\FileSystem","False","-a----","File:             C:\Users\champuser\SYS320-01\week1\WompWomp.ps1
InternalName:     
OriginalFilename: 
FileVersion:      
FileDescription:  
Product:          
ProductVersion:   
Debug:            False
Patched:          False
PreRelease:       False
PrivateBuild:     False
SpecialBuild:     False
Language:         
","WompWomp","System.Collections.Generic.List`1[System.String]",,"WompWomp.ps1","174","C:\Users\champuser\SYS320-01\week1","C:\Users\champuser\SYS320-01\week1","False","True","C:\Users\champuser\SYS320-01\week1\WompWomp.ps1",".ps1","05/09/2024 15:19:41","05/09/2024 19:19:41","05/09/2024 15:22:25","05/09/2024 19:22:25","05/09/2024 15:22:25","05/09/2024 19:22:25","Archive"
